[2024-03-07 17:01:56.436] [MineLog] [info] [/home/lin/Projects/LightGlue-OnnxRunner-cpp/node/decoupled_test.cpp:48:48] Start
[2024-03-07 17:01:56.551] [MineLog] [info] [/home/lin/Projects/LightGlue-OnnxRunner-cpp/src/decoupled_onnx_runner.cpp:17:17] DecoupledOnnxRunner created
[2024-03-07 17:01:56.551] [MineLog] [info] [/home/lin/Projects/LightGlue-OnnxRunner-cpp/src/decoupled_onnx_runner.cpp:39:39] initializing Ort Env
[2024-03-07 17:01:56.551] [MineLog] [info] [/home/lin/Projects/LightGlue-OnnxRunner-cpp/src/decoupled_onnx_runner.cpp:59:59] Using 20 threads, with graph optimization level 99
[2024-03-07 17:01:56.551] [MineLog] [info] [/home/lin/Projects/LightGlue-OnnxRunner-cpp/src/decoupled_onnx_runner.cpp:63:63] Using CUDA provider with default options
[2024-03-07 17:01:56.695] [MineLog] [info] [/home/lin/Projects/LightGlue-OnnxRunner-cpp/src/decoupled_onnx_runner.cpp:80:80] Loading extractor model from /home/lin/Projects/LightGlue-OnnxRunner-cpp/models/superpoint.onnx and matcher model from /home/lin/Projects/LightGlue-OnnxRunner-cpp/models/superpoint_lightglue_fused_fp16.onnx
[2024-03-07 17:01:58.553] [MineLog] [info] [/home/lin/Projects/LightGlue-OnnxRunner-cpp/src/decoupled_onnx_runner.cpp:86:86] extractor input node names and shapes
[2024-03-07 17:01:58.553] [MineLog] [info] [/home/lin/Projects/LightGlue-OnnxRunner-cpp/include/base_onnx_runner.h:74:74] num_nodes: 1
[2024-03-07 17:01:58.553] [MineLog] [info] [/home/lin/Projects/LightGlue-OnnxRunner-cpp/include/base_onnx_runner.h:80:80] extractor node name: image
[2024-03-07 17:01:58.553] [MineLog] [info] [/home/lin/Projects/LightGlue-OnnxRunner-cpp/src/decoupled_onnx_runner.cpp:88:88] extractor output node names and shapes
[2024-03-07 17:01:58.553] [MineLog] [info] [/home/lin/Projects/LightGlue-OnnxRunner-cpp/include/base_onnx_runner.h:74:74] num_nodes: 3
[2024-03-07 17:01:58.553] [MineLog] [info] [/home/lin/Projects/LightGlue-OnnxRunner-cpp/include/base_onnx_runner.h:80:80] extractor node name: keypoints
[2024-03-07 17:01:58.553] [MineLog] [info] [/home/lin/Projects/LightGlue-OnnxRunner-cpp/include/base_onnx_runner.h:80:80] extractor node name: scores
[2024-03-07 17:01:58.553] [MineLog] [info] [/home/lin/Projects/LightGlue-OnnxRunner-cpp/include/base_onnx_runner.h:80:80] extractor node name: descriptors
[2024-03-07 17:01:58.553] [MineLog] [info] [/home/lin/Projects/LightGlue-OnnxRunner-cpp/src/decoupled_onnx_runner.cpp:92:92] matcher input node names and shapes
[2024-03-07 17:01:58.553] [MineLog] [info] [/home/lin/Projects/LightGlue-OnnxRunner-cpp/include/base_onnx_runner.h:74:74] num_nodes: 4
[2024-03-07 17:01:58.553] [MineLog] [info] [/home/lin/Projects/LightGlue-OnnxRunner-cpp/include/base_onnx_runner.h:80:80] extractor node name: kpts0
[2024-03-07 17:01:58.553] [MineLog] [info] [/home/lin/Projects/LightGlue-OnnxRunner-cpp/include/base_onnx_runner.h:80:80] extractor node name: kpts1
[2024-03-07 17:01:58.553] [MineLog] [info] [/home/lin/Projects/LightGlue-OnnxRunner-cpp/include/base_onnx_runner.h:80:80] extractor node name: desc0
[2024-03-07 17:01:58.553] [MineLog] [info] [/home/lin/Projects/LightGlue-OnnxRunner-cpp/include/base_onnx_runner.h:80:80] extractor node name: desc1
[2024-03-07 17:01:58.553] [MineLog] [info] [/home/lin/Projects/LightGlue-OnnxRunner-cpp/src/decoupled_onnx_runner.cpp:94:94] matcher output node names and shapes
[2024-03-07 17:01:58.553] [MineLog] [info] [/home/lin/Projects/LightGlue-OnnxRunner-cpp/include/base_onnx_runner.h:74:74] num_nodes: 2
[2024-03-07 17:01:58.553] [MineLog] [info] [/home/lin/Projects/LightGlue-OnnxRunner-cpp/include/base_onnx_runner.h:80:80] extractor node name: matches0
[2024-03-07 17:01:58.553] [MineLog] [info] [/home/lin/Projects/LightGlue-OnnxRunner-cpp/include/base_onnx_runner.h:80:80] extractor node name: mscores0
[2024-03-07 17:01:58.553] [MineLog] [info] [/home/lin/Projects/LightGlue-OnnxRunner-cpp/src/decoupled_onnx_runner.cpp:97:97] ONNX Runtime environment initialized successfully!
[2024-03-07 17:01:58.553] [MineLog] [info] [/home/lin/Projects/LightGlue-OnnxRunner-cpp/node/decoupled_test.cpp:88:88] processing image /home/lin/Projects/LightGlue-OnnxRunner-cpp/data/left/0.png / /home/lin/Projects/LightGlue-OnnxRunner-cpp/data/right/0.png
[2024-03-07 17:01:58.553] [MineLog] [info] [/home/lin/Projects/LightGlue-OnnxRunner-cpp/src/decoupled_onnx_runner.cpp:401:401] **** inference image pair start ****
[2024-03-07 17:01:58.553] [MineLog] [info] [/home/lin/Projects/LightGlue-OnnxRunner-cpp/src/decoupled_onnx_runner.cpp:412:412] preprocessing image_src
[2024-03-07 17:01:58.553] [MineLog] [info] [/home/lin/Projects/LightGlue-OnnxRunner-cpp/src/decoupled_onnx_runner.cpp:112:112] image_temp size: [1280, 720]
[2024-03-07 17:01:58.555] [MineLog] [info] [/home/lin/Projects/LightGlue-OnnxRunner-cpp/src/decoupled_onnx_runner.cpp:117:117] image_result size: [512, 288], scale from 1 to 0.4
[2024-03-07 17:01:58.555] [MineLog] [info] [/home/lin/Projects/LightGlue-OnnxRunner-cpp/src/decoupled_onnx_runner.cpp:414:414] preprocessing image_dst
[2024-03-07 17:01:58.555] [MineLog] [info] [/home/lin/Projects/LightGlue-OnnxRunner-cpp/src/decoupled_onnx_runner.cpp:112:112] image_temp size: [1280, 720]
[2024-03-07 17:01:58.556] [MineLog] [info] [/home/lin/Projects/LightGlue-OnnxRunner-cpp/src/decoupled_onnx_runner.cpp:117:117] image_result size: [512, 288], scale from 1 to 0.4
[2024-03-07 17:01:58.556] [MineLog] [info] [/home/lin/Projects/LightGlue-OnnxRunner-cpp/src/decoupled_onnx_runner.cpp:124:124] **** extractor inference start ****
[2024-03-07 17:01:58.556] [MineLog] [info] [/home/lin/Projects/LightGlue-OnnxRunner-cpp/src/decoupled_onnx_runner.cpp:128:128] image shape: [512, 288], channel: 1
[2024-03-07 17:01:58.559] [MineLog] [info] [/home/lin/Projects/LightGlue-OnnxRunner-cpp/src/decoupled_onnx_runner.cpp:138:138] creating memory info handler
[2024-03-07 17:01:59.933] [MineLog] [info] [/home/lin/Projects/LightGlue-OnnxRunner-cpp/src/decoupled_onnx_runner.cpp:148:148] inference extractor time consumed: 1373.896266
[2024-03-07 17:01:59.933] [MineLog] [info] [/home/lin/Projects/LightGlue-OnnxRunner-cpp/src/decoupled_onnx_runner.cpp:167:167] inference success.
[2024-03-07 17:01:59.933] [MineLog] [info] [/home/lin/Projects/LightGlue-OnnxRunner-cpp/src/decoupled_onnx_runner.cpp:124:124] **** extractor inference start ****
[2024-03-07 17:01:59.933] [MineLog] [info] [/home/lin/Projects/LightGlue-OnnxRunner-cpp/src/decoupled_onnx_runner.cpp:128:128] image shape: [512, 288], channel: 1
[2024-03-07 17:01:59.937] [MineLog] [info] [/home/lin/Projects/LightGlue-OnnxRunner-cpp/src/decoupled_onnx_runner.cpp:138:138] creating memory info handler
[2024-03-07 17:01:59.944] [MineLog] [info] [/home/lin/Projects/LightGlue-OnnxRunner-cpp/src/decoupled_onnx_runner.cpp:148:148] inference extractor time consumed: 7.17093
[2024-03-07 17:01:59.944] [MineLog] [info] [/home/lin/Projects/LightGlue-OnnxRunner-cpp/src/decoupled_onnx_runner.cpp:167:167] inference success.
[2024-03-07 17:01:59.944] [MineLog] [info] [/home/lin/Projects/LightGlue-OnnxRunner-cpp/src/decoupled_onnx_runner.cpp:180:180] **** extractor post process start ****
[2024-03-07 17:01:59.944] [MineLog] [info] [/home/lin/Projects/LightGlue-OnnxRunner-cpp/src/decoupled_onnx_runner.cpp:187:187] key points shape: [1, 458, 2]
[2024-03-07 17:01:59.944] [MineLog] [info] [/home/lin/Projects/LightGlue-OnnxRunner-cpp/src/decoupled_onnx_runner.cpp:191:191] scores shape: [1, 458, 0]
[2024-03-07 17:01:59.944] [MineLog] [info] [/home/lin/Projects/LightGlue-OnnxRunner-cpp/src/decoupled_onnx_runner.cpp:196:196] descriptor shape: [1, 458, 256]
[2024-03-07 17:01:59.944] [MineLog] [info] [/home/lin/Projects/LightGlue-OnnxRunner-cpp/src/decoupled_onnx_runner.cpp:219:219] extractor post process success with 458 key points, 214 / 244.
[2024-03-07 17:01:59.944] [MineLog] [info] [/home/lin/Projects/LightGlue-OnnxRunner-cpp/src/decoupled_onnx_runner.cpp:180:180] **** extractor post process start ****
[2024-03-07 17:01:59.944] [MineLog] [info] [/home/lin/Projects/LightGlue-OnnxRunner-cpp/src/decoupled_onnx_runner.cpp:187:187] key points shape: [1, 364, 2]
[2024-03-07 17:01:59.944] [MineLog] [info] [/home/lin/Projects/LightGlue-OnnxRunner-cpp/src/decoupled_onnx_runner.cpp:191:191] scores shape: [1, 364, 256]
[2024-03-07 17:01:59.945] [MineLog] [info] [/home/lin/Projects/LightGlue-OnnxRunner-cpp/src/decoupled_onnx_runner.cpp:196:196] descriptor shape: [1, 364, 256]
[2024-03-07 17:01:59.945] [MineLog] [info] [/home/lin/Projects/LightGlue-OnnxRunner-cpp/src/decoupled_onnx_runner.cpp:219:219] extractor post process success with 364 key points, 169 / 195.
[2024-03-07 17:01:59.945] [MineLog] [info] [/home/lin/Projects/LightGlue-OnnxRunner-cpp/src/decoupled_onnx_runner.cpp:237:237] **** matcher inference start ****
[2024-03-07 17:01:59.945] [MineLog] [info] [/home/lin/Projects/LightGlue-OnnxRunner-cpp/src/decoupled_onnx_runner.cpp:246:246] creating memory info handler
[2024-03-07 17:01:59.945] [MineLog] [info] [/home/lin/Projects/LightGlue-OnnxRunner-cpp/src/decoupled_onnx_runner.cpp:249:249] preparing input tensors
[2024-03-07 17:01:59.945] [MineLog] [info] [/home/lin/Projects/LightGlue-OnnxRunner-cpp/src/decoupled_onnx_runner.cpp:253:253] trans to one dimension
[2024-03-07 17:01:59.945] [MineLog] [info] [/home/lin/Projects/LightGlue-OnnxRunner-cpp/src/decoupled_onnx_runner.cpp:267:267] constructing input tensors
[2024-03-07 17:01:59.945] [MineLog] [info] [/home/lin/Projects/LightGlue-OnnxRunner-cpp/src/decoupled_onnx_runner.cpp:282:282] input node 0 name: kpts0
[2024-03-07 17:01:59.945] [MineLog] [info] [/home/lin/Projects/LightGlue-OnnxRunner-cpp/src/decoupled_onnx_runner.cpp:287:287] input node shape size: 3, shape: 1, -1, 2
[2024-03-07 17:01:59.945] [MineLog] [info] [/home/lin/Projects/LightGlue-OnnxRunner-cpp/src/decoupled_onnx_runner.cpp:288:288] input node shape size: 3, shape: 1, 458, 2
[2024-03-07 17:01:59.945] [MineLog] [info] [/home/lin/Projects/LightGlue-OnnxRunner-cpp/src/decoupled_onnx_runner.cpp:282:282] input node 1 name: kpts1
[2024-03-07 17:01:59.945] [MineLog] [info] [/home/lin/Projects/LightGlue-OnnxRunner-cpp/src/decoupled_onnx_runner.cpp:287:287] input node shape size: 3, shape: 1, -1, 2
[2024-03-07 17:01:59.945] [MineLog] [info] [/home/lin/Projects/LightGlue-OnnxRunner-cpp/src/decoupled_onnx_runner.cpp:288:288] input node shape size: 3, shape: 1, 364, 2
[2024-03-07 17:01:59.945] [MineLog] [info] [/home/lin/Projects/LightGlue-OnnxRunner-cpp/src/decoupled_onnx_runner.cpp:282:282] input node 2 name: desc0
[2024-03-07 17:01:59.945] [MineLog] [info] [/home/lin/Projects/LightGlue-OnnxRunner-cpp/src/decoupled_onnx_runner.cpp:287:287] input node shape size: 3, shape: 1, -1, 256
[2024-03-07 17:01:59.945] [MineLog] [info] [/home/lin/Projects/LightGlue-OnnxRunner-cpp/src/decoupled_onnx_runner.cpp:288:288] input node shape size: 3, shape: 1, 458, 256
[2024-03-07 17:01:59.945] [MineLog] [info] [/home/lin/Projects/LightGlue-OnnxRunner-cpp/src/decoupled_onnx_runner.cpp:282:282] input node 3 name: desc1
[2024-03-07 17:01:59.945] [MineLog] [info] [/home/lin/Projects/LightGlue-OnnxRunner-cpp/src/decoupled_onnx_runner.cpp:287:287] input node shape size: 3, shape: 1, -1, 256
[2024-03-07 17:01:59.945] [MineLog] [info] [/home/lin/Projects/LightGlue-OnnxRunner-cpp/src/decoupled_onnx_runner.cpp:288:288] input node shape size: 3, shape: 1, 364, 256
[2024-03-07 17:01:59.945] [MineLog] [info] [/home/lin/Projects/LightGlue-OnnxRunner-cpp/src/decoupled_onnx_runner.cpp:294:294] output node name: matches0
[2024-03-07 17:01:59.945] [MineLog] [info] [/home/lin/Projects/LightGlue-OnnxRunner-cpp/src/decoupled_onnx_runner.cpp:294:294] output node name: mscores0
[2024-03-07 17:02:00.041] [MineLog] [info] [/home/lin/Projects/LightGlue-OnnxRunner-cpp/src/decoupled_onnx_runner.cpp:299:299] matcher inference time consumed: 96.114993
[2024-03-07 17:02:00.041] [MineLog] [info] [/home/lin/Projects/LightGlue-OnnxRunner-cpp/src/decoupled_onnx_runner.cpp:318:318] matcher inference success.
[2024-03-07 17:02:00.041] [MineLog] [info] [/home/lin/Projects/LightGlue-OnnxRunner-cpp/src/decoupled_onnx_runner.cpp:331:331] **** matcher post process start ****
[2024-03-07 17:02:00.041] [MineLog] [info] [/home/lin/Projects/LightGlue-OnnxRunner-cpp/src/decoupled_onnx_runner.cpp:339:339] matches shape: 240
[2024-03-07 17:02:00.041] [MineLog] [info] [/home/lin/Projects/LightGlue-OnnxRunner-cpp/src/decoupled_onnx_runner.cpp:339:339] matches shape: 2
[2024-03-07 17:02:00.041] [MineLog] [info] [/home/lin/Projects/LightGlue-OnnxRunner-cpp/src/decoupled_onnx_runner.cpp:347:347] matches shape: 240
[2024-03-07 17:02:00.041] [MineLog] [info] [/home/lin/Projects/LightGlue-OnnxRunner-cpp/src/decoupled_onnx_runner.cpp:388:388] matches size: 239
[2024-03-07 17:02:00.041] [MineLog] [info] [/home/lin/Projects/LightGlue-OnnxRunner-cpp/node/decoupled_test.cpp:94:94] time consumed: 1488.316141 / 1488.316141
[2024-03-07 17:02:01.400] [MineLog] [info] [/home/lin/Projects/LightGlue-OnnxRunner-cpp/node/decoupled_test.cpp:88:88] processing image /home/lin/Projects/LightGlue-OnnxRunner-cpp/data/left/1.png / /home/lin/Projects/LightGlue-OnnxRunner-cpp/data/right/1.png
[2024-03-07 17:02:01.400] [MineLog] [info] [/home/lin/Projects/LightGlue-OnnxRunner-cpp/src/decoupled_onnx_runner.cpp:401:401] **** inference image pair start ****
[2024-03-07 17:02:01.401] [MineLog] [info] [/home/lin/Projects/LightGlue-OnnxRunner-cpp/src/decoupled_onnx_runner.cpp:412:412] preprocessing image_src
[2024-03-07 17:02:01.401] [MineLog] [info] [/home/lin/Projects/LightGlue-OnnxRunner-cpp/src/decoupled_onnx_runner.cpp:112:112] image_temp size: [1280, 720]
[2024-03-07 17:02:01.405] [MineLog] [info] [/home/lin/Projects/LightGlue-OnnxRunner-cpp/src/decoupled_onnx_runner.cpp:117:117] image_result size: [512, 288], scale from 0.4 to 0.4
[2024-03-07 17:02:01.405] [MineLog] [info] [/home/lin/Projects/LightGlue-OnnxRunner-cpp/src/decoupled_onnx_runner.cpp:414:414] preprocessing image_dst
[2024-03-07 17:02:01.405] [MineLog] [info] [/home/lin/Projects/LightGlue-OnnxRunner-cpp/src/decoupled_onnx_runner.cpp:112:112] image_temp size: [1280, 720]
[2024-03-07 17:02:01.408] [MineLog] [info] [/home/lin/Projects/LightGlue-OnnxRunner-cpp/src/decoupled_onnx_runner.cpp:117:117] image_result size: [512, 288], scale from 0.4 to 0.4
[2024-03-07 17:02:01.408] [MineLog] [info] [/home/lin/Projects/LightGlue-OnnxRunner-cpp/src/decoupled_onnx_runner.cpp:124:124] **** extractor inference start ****
[2024-03-07 17:02:01.408] [MineLog] [info] [/home/lin/Projects/LightGlue-OnnxRunner-cpp/src/decoupled_onnx_runner.cpp:128:128] image shape: [512, 288], channel: 1
[2024-03-07 17:02:01.409] [MineLog] [info] [/home/lin/Projects/LightGlue-OnnxRunner-cpp/src/decoupled_onnx_runner.cpp:138:138] creating memory info handler
[2024-03-07 17:02:01.417] [MineLog] [info] [/home/lin/Projects/LightGlue-OnnxRunner-cpp/src/decoupled_onnx_runner.cpp:148:148] inference extractor time consumed: 7.92513
[2024-03-07 17:02:01.417] [MineLog] [info] [/home/lin/Projects/LightGlue-OnnxRunner-cpp/src/decoupled_onnx_runner.cpp:167:167] inference success.
[2024-03-07 17:02:01.417] [MineLog] [info] [/home/lin/Projects/LightGlue-OnnxRunner-cpp/src/decoupled_onnx_runner.cpp:124:124] **** extractor inference start ****
[2024-03-07 17:02:01.417] [MineLog] [info] [/home/lin/Projects/LightGlue-OnnxRunner-cpp/src/decoupled_onnx_runner.cpp:128:128] image shape: [512, 288], channel: 1
[2024-03-07 17:02:01.420] [MineLog] [info] [/home/lin/Projects/LightGlue-OnnxRunner-cpp/src/decoupled_onnx_runner.cpp:138:138] creating memory info handler
[2024-03-07 17:02:01.429] [MineLog] [info] [/home/lin/Projects/LightGlue-OnnxRunner-cpp/src/decoupled_onnx_runner.cpp:148:148] inference extractor time consumed: 8.525592
[2024-03-07 17:02:01.429] [MineLog] [info] [/home/lin/Projects/LightGlue-OnnxRunner-cpp/src/decoupled_onnx_runner.cpp:167:167] inference success.
[2024-03-07 17:02:01.429] [MineLog] [info] [/home/lin/Projects/LightGlue-OnnxRunner-cpp/src/decoupled_onnx_runner.cpp:180:180] **** extractor post process start ****
[2024-03-07 17:02:01.429] [MineLog] [info] [/home/lin/Projects/LightGlue-OnnxRunner-cpp/src/decoupled_onnx_runner.cpp:187:187] key points shape: [1, 501, 2]
[2024-03-07 17:02:01.429] [MineLog] [info] [/home/lin/Projects/LightGlue-OnnxRunner-cpp/src/decoupled_onnx_runner.cpp:191:191] scores shape: [1, 501, 139694879474464]
[2024-03-07 17:02:01.429] [MineLog] [info] [/home/lin/Projects/LightGlue-OnnxRunner-cpp/src/decoupled_onnx_runner.cpp:196:196] descriptor shape: [1, 501, 256]
[2024-03-07 17:02:01.429] [MineLog] [info] [/home/lin/Projects/LightGlue-OnnxRunner-cpp/src/decoupled_onnx_runner.cpp:219:219] extractor post process success with 501 key points, 219 / 282.
[2024-03-07 17:02:01.429] [MineLog] [info] [/home/lin/Projects/LightGlue-OnnxRunner-cpp/src/decoupled_onnx_runner.cpp:180:180] **** extractor post process start ****
[2024-03-07 17:02:01.429] [MineLog] [info] [/home/lin/Projects/LightGlue-OnnxRunner-cpp/src/decoupled_onnx_runner.cpp:187:187] key points shape: [1, 406, 2]
[2024-03-07 17:02:01.429] [MineLog] [info] [/home/lin/Projects/LightGlue-OnnxRunner-cpp/src/decoupled_onnx_runner.cpp:191:191] scores shape: [1, 406, 256]
[2024-03-07 17:02:01.429] [MineLog] [info] [/home/lin/Projects/LightGlue-OnnxRunner-cpp/src/decoupled_onnx_runner.cpp:196:196] descriptor shape: [1, 406, 256]
[2024-03-07 17:02:01.430] [MineLog] [info] [/home/lin/Projects/LightGlue-OnnxRunner-cpp/src/decoupled_onnx_runner.cpp:219:219] extractor post process success with 406 key points, 172 / 234.
[2024-03-07 17:02:01.430] [MineLog] [info] [/home/lin/Projects/LightGlue-OnnxRunner-cpp/src/decoupled_onnx_runner.cpp:237:237] **** matcher inference start ****
[2024-03-07 17:02:01.430] [MineLog] [info] [/home/lin/Projects/LightGlue-OnnxRunner-cpp/src/decoupled_onnx_runner.cpp:246:246] creating memory info handler
[2024-03-07 17:02:01.430] [MineLog] [info] [/home/lin/Projects/LightGlue-OnnxRunner-cpp/src/decoupled_onnx_runner.cpp:249:249] preparing input tensors
[2024-03-07 17:02:01.430] [MineLog] [info] [/home/lin/Projects/LightGlue-OnnxRunner-cpp/src/decoupled_onnx_runner.cpp:253:253] trans to one dimension
[2024-03-07 17:02:01.430] [MineLog] [info] [/home/lin/Projects/LightGlue-OnnxRunner-cpp/src/decoupled_onnx_runner.cpp:267:267] constructing input tensors
[2024-03-07 17:02:01.430] [MineLog] [info] [/home/lin/Projects/LightGlue-OnnxRunner-cpp/src/decoupled_onnx_runner.cpp:282:282] input node 0 name: kpts0
[2024-03-07 17:02:01.430] [MineLog] [info] [/home/lin/Projects/LightGlue-OnnxRunner-cpp/src/decoupled_onnx_runner.cpp:287:287] input node shape size: 3, shape: 1, -1, 2
[2024-03-07 17:02:01.430] [MineLog] [info] [/home/lin/Projects/LightGlue-OnnxRunner-cpp/src/decoupled_onnx_runner.cpp:288:288] input node shape size: 3, shape: 1, 501, 2
[2024-03-07 17:02:01.430] [MineLog] [info] [/home/lin/Projects/LightGlue-OnnxRunner-cpp/src/decoupled_onnx_runner.cpp:282:282] input node 1 name: kpts1
[2024-03-07 17:02:01.430] [MineLog] [info] [/home/lin/Projects/LightGlue-OnnxRunner-cpp/src/decoupled_onnx_runner.cpp:287:287] input node shape size: 3, shape: 1, -1, 2
[2024-03-07 17:02:01.430] [MineLog] [info] [/home/lin/Projects/LightGlue-OnnxRunner-cpp/src/decoupled_onnx_runner.cpp:288:288] input node shape size: 3, shape: 1, 406, 2
[2024-03-07 17:02:01.430] [MineLog] [info] [/home/lin/Projects/LightGlue-OnnxRunner-cpp/src/decoupled_onnx_runner.cpp:282:282] input node 2 name: desc0
[2024-03-07 17:02:01.430] [MineLog] [info] [/home/lin/Projects/LightGlue-OnnxRunner-cpp/src/decoupled_onnx_runner.cpp:287:287] input node shape size: 3, shape: 1, -1, 256
[2024-03-07 17:02:01.430] [MineLog] [info] [/home/lin/Projects/LightGlue-OnnxRunner-cpp/src/decoupled_onnx_runner.cpp:288:288] input node shape size: 3, shape: 1, 501, 256
[2024-03-07 17:02:01.430] [MineLog] [info] [/home/lin/Projects/LightGlue-OnnxRunner-cpp/src/decoupled_onnx_runner.cpp:282:282] input node 3 name: desc1
[2024-03-07 17:02:01.430] [MineLog] [info] [/home/lin/Projects/LightGlue-OnnxRunner-cpp/src/decoupled_onnx_runner.cpp:287:287] input node shape size: 3, shape: 1, -1, 256
[2024-03-07 17:02:01.430] [MineLog] [info] [/home/lin/Projects/LightGlue-OnnxRunner-cpp/src/decoupled_onnx_runner.cpp:288:288] input node shape size: 3, shape: 1, 406, 256
[2024-03-07 17:02:01.430] [MineLog] [info] [/home/lin/Projects/LightGlue-OnnxRunner-cpp/src/decoupled_onnx_runner.cpp:294:294] output node name: matches0
[2024-03-07 17:02:01.430] [MineLog] [info] [/home/lin/Projects/LightGlue-OnnxRunner-cpp/src/decoupled_onnx_runner.cpp:294:294] output node name: mscores0
[2024-03-07 17:02:01.448] [MineLog] [info] [/home/lin/Projects/LightGlue-OnnxRunner-cpp/src/decoupled_onnx_runner.cpp:299:299] matcher inference time consumed: 17.375084
[2024-03-07 17:02:01.448] [MineLog] [info] [/home/lin/Projects/LightGlue-OnnxRunner-cpp/src/decoupled_onnx_runner.cpp:318:318] matcher inference success.
[2024-03-07 17:02:01.448] [MineLog] [info] [/home/lin/Projects/LightGlue-OnnxRunner-cpp/src/decoupled_onnx_runner.cpp:331:331] **** matcher post process start ****
[2024-03-07 17:02:01.448] [MineLog] [info] [/home/lin/Projects/LightGlue-OnnxRunner-cpp/src/decoupled_onnx_runner.cpp:339:339] matches shape: 266
[2024-03-07 17:02:01.448] [MineLog] [info] [/home/lin/Projects/LightGlue-OnnxRunner-cpp/src/decoupled_onnx_runner.cpp:339:339] matches shape: 2
[2024-03-07 17:02:01.448] [MineLog] [info] [/home/lin/Projects/LightGlue-OnnxRunner-cpp/src/decoupled_onnx_runner.cpp:347:347] matches shape: 266
[2024-03-07 17:02:01.449] [MineLog] [info] [/home/lin/Projects/LightGlue-OnnxRunner-cpp/src/decoupled_onnx_runner.cpp:388:388] matches size: 265
[2024-03-07 17:02:01.449] [MineLog] [info] [/home/lin/Projects/LightGlue-OnnxRunner-cpp/node/decoupled_test.cpp:94:94] time consumed: 48.67727 / 768.4967055
[2024-03-07 17:02:01.885] [MineLog] [info] [/home/lin/Projects/LightGlue-OnnxRunner-cpp/node/decoupled_test.cpp:88:88] processing image /home/lin/Projects/LightGlue-OnnxRunner-cpp/data/left/21.png / /home/lin/Projects/LightGlue-OnnxRunner-cpp/data/right/21.png
[2024-03-07 17:02:01.885] [MineLog] [info] [/home/lin/Projects/LightGlue-OnnxRunner-cpp/src/decoupled_onnx_runner.cpp:401:401] **** inference image pair start ****
[2024-03-07 17:02:01.886] [MineLog] [info] [/home/lin/Projects/LightGlue-OnnxRunner-cpp/src/decoupled_onnx_runner.cpp:412:412] preprocessing image_src
[2024-03-07 17:02:01.886] [MineLog] [info] [/home/lin/Projects/LightGlue-OnnxRunner-cpp/src/decoupled_onnx_runner.cpp:112:112] image_temp size: [1280, 720]
[2024-03-07 17:02:01.890] [MineLog] [info] [/home/lin/Projects/LightGlue-OnnxRunner-cpp/src/decoupled_onnx_runner.cpp:117:117] image_result size: [512, 288], scale from 0.4 to 0.4
[2024-03-07 17:02:01.890] [MineLog] [info] [/home/lin/Projects/LightGlue-OnnxRunner-cpp/src/decoupled_onnx_runner.cpp:414:414] preprocessing image_dst
[2024-03-07 17:02:01.890] [MineLog] [info] [/home/lin/Projects/LightGlue-OnnxRunner-cpp/src/decoupled_onnx_runner.cpp:112:112] image_temp size: [1280, 720]
[2024-03-07 17:02:01.893] [MineLog] [info] [/home/lin/Projects/LightGlue-OnnxRunner-cpp/src/decoupled_onnx_runner.cpp:117:117] image_result size: [512, 288], scale from 0.4 to 0.4
[2024-03-07 17:02:01.893] [MineLog] [info] [/home/lin/Projects/LightGlue-OnnxRunner-cpp/src/decoupled_onnx_runner.cpp:124:124] **** extractor inference start ****
[2024-03-07 17:02:01.893] [MineLog] [info] [/home/lin/Projects/LightGlue-OnnxRunner-cpp/src/decoupled_onnx_runner.cpp:128:128] image shape: [512, 288], channel: 1
[2024-03-07 17:02:01.894] [MineLog] [info] [/home/lin/Projects/LightGlue-OnnxRunner-cpp/src/decoupled_onnx_runner.cpp:138:138] creating memory info handler
[2024-03-07 17:02:01.904] [MineLog] [info] [/home/lin/Projects/LightGlue-OnnxRunner-cpp/src/decoupled_onnx_runner.cpp:148:148] inference extractor time consumed: 10.210801
[2024-03-07 17:02:01.904] [MineLog] [info] [/home/lin/Projects/LightGlue-OnnxRunner-cpp/src/decoupled_onnx_runner.cpp:167:167] inference success.
[2024-03-07 17:02:01.904] [MineLog] [info] [/home/lin/Projects/LightGlue-OnnxRunner-cpp/src/decoupled_onnx_runner.cpp:124:124] **** extractor inference start ****
[2024-03-07 17:02:01.904] [MineLog] [info] [/home/lin/Projects/LightGlue-OnnxRunner-cpp/src/decoupled_onnx_runner.cpp:128:128] image shape: [512, 288], channel: 1
[2024-03-07 17:02:01.905] [MineLog] [info] [/home/lin/Projects/LightGlue-OnnxRunner-cpp/src/decoupled_onnx_runner.cpp:138:138] creating memory info handler
[2024-03-07 17:02:01.910] [MineLog] [info] [/home/lin/Projects/LightGlue-OnnxRunner-cpp/src/decoupled_onnx_runner.cpp:148:148] inference extractor time consumed: 5.243349
[2024-03-07 17:02:01.910] [MineLog] [info] [/home/lin/Projects/LightGlue-OnnxRunner-cpp/src/decoupled_onnx_runner.cpp:167:167] inference success.
[2024-03-07 17:02:01.910] [MineLog] [info] [/home/lin/Projects/LightGlue-OnnxRunner-cpp/src/decoupled_onnx_runner.cpp:180:180] **** extractor post process start ****
[2024-03-07 17:02:01.910] [MineLog] [info] [/home/lin/Projects/LightGlue-OnnxRunner-cpp/src/decoupled_onnx_runner.cpp:187:187] key points shape: [1, 282, 2]
[2024-03-07 17:02:01.910] [MineLog] [info] [/home/lin/Projects/LightGlue-OnnxRunner-cpp/src/decoupled_onnx_runner.cpp:191:191] scores shape: [1, 282, 139694879474464]
[2024-03-07 17:02:01.910] [MineLog] [info] [/home/lin/Projects/LightGlue-OnnxRunner-cpp/src/decoupled_onnx_runner.cpp:196:196] descriptor shape: [1, 282, 256]
[2024-03-07 17:02:01.910] [MineLog] [info] [/home/lin/Projects/LightGlue-OnnxRunner-cpp/src/decoupled_onnx_runner.cpp:219:219] extractor post process success with 282 key points, 136 / 146.
[2024-03-07 17:02:01.910] [MineLog] [info] [/home/lin/Projects/LightGlue-OnnxRunner-cpp/src/decoupled_onnx_runner.cpp:180:180] **** extractor post process start ****
[2024-03-07 17:02:01.910] [MineLog] [info] [/home/lin/Projects/LightGlue-OnnxRunner-cpp/src/decoupled_onnx_runner.cpp:187:187] key points shape: [1, 218, 2]
[2024-03-07 17:02:01.910] [MineLog] [info] [/home/lin/Projects/LightGlue-OnnxRunner-cpp/src/decoupled_onnx_runner.cpp:191:191] scores shape: [1, 218, 256]
[2024-03-07 17:02:01.910] [MineLog] [info] [/home/lin/Projects/LightGlue-OnnxRunner-cpp/src/decoupled_onnx_runner.cpp:196:196] descriptor shape: [1, 218, 256]
[2024-03-07 17:02:01.910] [MineLog] [info] [/home/lin/Projects/LightGlue-OnnxRunner-cpp/src/decoupled_onnx_runner.cpp:219:219] extractor post process success with 218 key points, 118 / 100.
[2024-03-07 17:02:01.910] [MineLog] [info] [/home/lin/Projects/LightGlue-OnnxRunner-cpp/src/decoupled_onnx_runner.cpp:237:237] **** matcher inference start ****
[2024-03-07 17:02:01.910] [MineLog] [info] [/home/lin/Projects/LightGlue-OnnxRunner-cpp/src/decoupled_onnx_runner.cpp:246:246] creating memory info handler
[2024-03-07 17:02:01.910] [MineLog] [info] [/home/lin/Projects/LightGlue-OnnxRunner-cpp/src/decoupled_onnx_runner.cpp:249:249] preparing input tensors
[2024-03-07 17:02:01.910] [MineLog] [info] [/home/lin/Projects/LightGlue-OnnxRunner-cpp/src/decoupled_onnx_runner.cpp:253:253] trans to one dimension
[2024-03-07 17:02:01.910] [MineLog] [info] [/home/lin/Projects/LightGlue-OnnxRunner-cpp/src/decoupled_onnx_runner.cpp:267:267] constructing input tensors
[2024-03-07 17:02:01.910] [MineLog] [info] [/home/lin/Projects/LightGlue-OnnxRunner-cpp/src/decoupled_onnx_runner.cpp:282:282] input node 0 name: kpts0
[2024-03-07 17:02:01.910] [MineLog] [info] [/home/lin/Projects/LightGlue-OnnxRunner-cpp/src/decoupled_onnx_runner.cpp:287:287] input node shape size: 3, shape: 1, -1, 2
[2024-03-07 17:02:01.910] [MineLog] [info] [/home/lin/Projects/LightGlue-OnnxRunner-cpp/src/decoupled_onnx_runner.cpp:288:288] input node shape size: 3, shape: 1, 282, 2
[2024-03-07 17:02:01.910] [MineLog] [info] [/home/lin/Projects/LightGlue-OnnxRunner-cpp/src/decoupled_onnx_runner.cpp:282:282] input node 1 name: kpts1
[2024-03-07 17:02:01.910] [MineLog] [info] [/home/lin/Projects/LightGlue-OnnxRunner-cpp/src/decoupled_onnx_runner.cpp:287:287] input node shape size: 3, shape: 1, -1, 2
[2024-03-07 17:02:01.910] [MineLog] [info] [/home/lin/Projects/LightGlue-OnnxRunner-cpp/src/decoupled_onnx_runner.cpp:288:288] input node shape size: 3, shape: 1, 218, 2
[2024-03-07 17:02:01.910] [MineLog] [info] [/home/lin/Projects/LightGlue-OnnxRunner-cpp/src/decoupled_onnx_runner.cpp:282:282] input node 2 name: desc0
[2024-03-07 17:02:01.910] [MineLog] [info] [/home/lin/Projects/LightGlue-OnnxRunner-cpp/src/decoupled_onnx_runner.cpp:287:287] input node shape size: 3, shape: 1, -1, 256
[2024-03-07 17:02:01.910] [MineLog] [info] [/home/lin/Projects/LightGlue-OnnxRunner-cpp/src/decoupled_onnx_runner.cpp:288:288] input node shape size: 3, shape: 1, 282, 256
[2024-03-07 17:02:01.910] [MineLog] [info] [/home/lin/Projects/LightGlue-OnnxRunner-cpp/src/decoupled_onnx_runner.cpp:282:282] input node 3 name: desc1
[2024-03-07 17:02:01.910] [MineLog] [info] [/home/lin/Projects/LightGlue-OnnxRunner-cpp/src/decoupled_onnx_runner.cpp:287:287] input node shape size: 3, shape: 1, -1, 256
[2024-03-07 17:02:01.910] [MineLog] [info] [/home/lin/Projects/LightGlue-OnnxRunner-cpp/src/decoupled_onnx_runner.cpp:288:288] input node shape size: 3, shape: 1, 218, 256
[2024-03-07 17:02:01.910] [MineLog] [info] [/home/lin/Projects/LightGlue-OnnxRunner-cpp/src/decoupled_onnx_runner.cpp:294:294] output node name: matches0
[2024-03-07 17:02:01.910] [MineLog] [info] [/home/lin/Projects/LightGlue-OnnxRunner-cpp/src/decoupled_onnx_runner.cpp:294:294] output node name: mscores0
[2024-03-07 17:02:01.949] [MineLog] [info] [/home/lin/Projects/LightGlue-OnnxRunner-cpp/src/decoupled_onnx_runner.cpp:299:299] matcher inference time consumed: 38.886101
[2024-03-07 17:02:01.949] [MineLog] [info] [/home/lin/Projects/LightGlue-OnnxRunner-cpp/src/decoupled_onnx_runner.cpp:318:318] matcher inference success.
[2024-03-07 17:02:01.949] [MineLog] [info] [/home/lin/Projects/LightGlue-OnnxRunner-cpp/src/decoupled_onnx_runner.cpp:331:331] **** matcher post process start ****
[2024-03-07 17:02:01.949] [MineLog] [info] [/home/lin/Projects/LightGlue-OnnxRunner-cpp/src/decoupled_onnx_runner.cpp:339:339] matches shape: 121
[2024-03-07 17:02:01.949] [MineLog] [info] [/home/lin/Projects/LightGlue-OnnxRunner-cpp/src/decoupled_onnx_runner.cpp:339:339] matches shape: 2
[2024-03-07 17:02:01.949] [MineLog] [info] [/home/lin/Projects/LightGlue-OnnxRunner-cpp/src/decoupled_onnx_runner.cpp:347:347] matches shape: 121
[2024-03-07 17:02:01.949] [MineLog] [info] [/home/lin/Projects/LightGlue-OnnxRunner-cpp/src/decoupled_onnx_runner.cpp:388:388] matches size: 120
[2024-03-07 17:02:01.949] [MineLog] [info] [/home/lin/Projects/LightGlue-OnnxRunner-cpp/node/decoupled_test.cpp:94:94] time consumed: 64.294723 / 533.7627113333333
[2024-03-07 17:02:02.301] [MineLog] [info] [/home/lin/Projects/LightGlue-OnnxRunner-cpp/node/decoupled_test.cpp:88:88] processing image /home/lin/Projects/LightGlue-OnnxRunner-cpp/data/left/22.png / /home/lin/Projects/LightGlue-OnnxRunner-cpp/data/right/22.png
[2024-03-07 17:02:02.301] [MineLog] [info] [/home/lin/Projects/LightGlue-OnnxRunner-cpp/src/decoupled_onnx_runner.cpp:401:401] **** inference image pair start ****
[2024-03-07 17:02:02.302] [MineLog] [info] [/home/lin/Projects/LightGlue-OnnxRunner-cpp/src/decoupled_onnx_runner.cpp:412:412] preprocessing image_src
[2024-03-07 17:02:02.302] [MineLog] [info] [/home/lin/Projects/LightGlue-OnnxRunner-cpp/src/decoupled_onnx_runner.cpp:112:112] image_temp size: [1280, 720]
[2024-03-07 17:02:02.305] [MineLog] [info] [/home/lin/Projects/LightGlue-OnnxRunner-cpp/src/decoupled_onnx_runner.cpp:117:117] image_result size: [512, 288], scale from 0.4 to 0.4
[2024-03-07 17:02:02.305] [MineLog] [info] [/home/lin/Projects/LightGlue-OnnxRunner-cpp/src/decoupled_onnx_runner.cpp:414:414] preprocessing image_dst
[2024-03-07 17:02:02.306] [MineLog] [info] [/home/lin/Projects/LightGlue-OnnxRunner-cpp/src/decoupled_onnx_runner.cpp:112:112] image_temp size: [1280, 720]
[2024-03-07 17:02:02.307] [MineLog] [info] [/home/lin/Projects/LightGlue-OnnxRunner-cpp/src/decoupled_onnx_runner.cpp:117:117] image_result size: [512, 288], scale from 0.4 to 0.4
[2024-03-07 17:02:02.307] [MineLog] [info] [/home/lin/Projects/LightGlue-OnnxRunner-cpp/src/decoupled_onnx_runner.cpp:124:124] **** extractor inference start ****
[2024-03-07 17:02:02.307] [MineLog] [info] [/home/lin/Projects/LightGlue-OnnxRunner-cpp/src/decoupled_onnx_runner.cpp:128:128] image shape: [512, 288], channel: 1
[2024-03-07 17:02:02.308] [MineLog] [info] [/home/lin/Projects/LightGlue-OnnxRunner-cpp/src/decoupled_onnx_runner.cpp:138:138] creating memory info handler
[2024-03-07 17:02:02.314] [MineLog] [info] [/home/lin/Projects/LightGlue-OnnxRunner-cpp/src/decoupled_onnx_runner.cpp:148:148] inference extractor time consumed: 5.856755
[2024-03-07 17:02:02.314] [MineLog] [info] [/home/lin/Projects/LightGlue-OnnxRunner-cpp/src/decoupled_onnx_runner.cpp:167:167] inference success.
[2024-03-07 17:02:02.314] [MineLog] [info] [/home/lin/Projects/LightGlue-OnnxRunner-cpp/src/decoupled_onnx_runner.cpp:124:124] **** extractor inference start ****
[2024-03-07 17:02:02.314] [MineLog] [info] [/home/lin/Projects/LightGlue-OnnxRunner-cpp/src/decoupled_onnx_runner.cpp:128:128] image shape: [512, 288], channel: 1
[2024-03-07 17:02:02.315] [MineLog] [info] [/home/lin/Projects/LightGlue-OnnxRunner-cpp/src/decoupled_onnx_runner.cpp:138:138] creating memory info handler
[2024-03-07 17:02:02.320] [MineLog] [info] [/home/lin/Projects/LightGlue-OnnxRunner-cpp/src/decoupled_onnx_runner.cpp:148:148] inference extractor time consumed: 5.687153
[2024-03-07 17:02:02.320] [MineLog] [info] [/home/lin/Projects/LightGlue-OnnxRunner-cpp/src/decoupled_onnx_runner.cpp:167:167] inference success.
[2024-03-07 17:02:02.320] [MineLog] [info] [/home/lin/Projects/LightGlue-OnnxRunner-cpp/src/decoupled_onnx_runner.cpp:180:180] **** extractor post process start ****
[2024-03-07 17:02:02.320] [MineLog] [info] [/home/lin/Projects/LightGlue-OnnxRunner-cpp/src/decoupled_onnx_runner.cpp:187:187] key points shape: [1, 294, 2]
[2024-03-07 17:02:02.320] [MineLog] [info] [/home/lin/Projects/LightGlue-OnnxRunner-cpp/src/decoupled_onnx_runner.cpp:191:191] scores shape: [1, 294, 139694879474464]
[2024-03-07 17:02:02.320] [MineLog] [info] [/home/lin/Projects/LightGlue-OnnxRunner-cpp/src/decoupled_onnx_runner.cpp:196:196] descriptor shape: [1, 294, 256]
[2024-03-07 17:02:02.320] [MineLog] [info] [/home/lin/Projects/LightGlue-OnnxRunner-cpp/src/decoupled_onnx_runner.cpp:219:219] extractor post process success with 294 key points, 150 / 144.
[2024-03-07 17:02:02.320] [MineLog] [info] [/home/lin/Projects/LightGlue-OnnxRunner-cpp/src/decoupled_onnx_runner.cpp:180:180] **** extractor post process start ****
[2024-03-07 17:02:02.320] [MineLog] [info] [/home/lin/Projects/LightGlue-OnnxRunner-cpp/src/decoupled_onnx_runner.cpp:187:187] key points shape: [1, 224, 2]
[2024-03-07 17:02:02.320] [MineLog] [info] [/home/lin/Projects/LightGlue-OnnxRunner-cpp/src/decoupled_onnx_runner.cpp:191:191] scores shape: [1, 224, 256]
[2024-03-07 17:02:02.320] [MineLog] [info] [/home/lin/Projects/LightGlue-OnnxRunner-cpp/src/decoupled_onnx_runner.cpp:196:196] descriptor shape: [1, 224, 256]
[2024-03-07 17:02:02.320] [MineLog] [info] [/home/lin/Projects/LightGlue-OnnxRunner-cpp/src/decoupled_onnx_runner.cpp:219:219] extractor post process success with 224 key points, 107 / 117.
[2024-03-07 17:02:02.320] [MineLog] [info] [/home/lin/Projects/LightGlue-OnnxRunner-cpp/src/decoupled_onnx_runner.cpp:237:237] **** matcher inference start ****
[2024-03-07 17:02:02.320] [MineLog] [info] [/home/lin/Projects/LightGlue-OnnxRunner-cpp/src/decoupled_onnx_runner.cpp:246:246] creating memory info handler
[2024-03-07 17:02:02.320] [MineLog] [info] [/home/lin/Projects/LightGlue-OnnxRunner-cpp/src/decoupled_onnx_runner.cpp:249:249] preparing input tensors
[2024-03-07 17:02:02.320] [MineLog] [info] [/home/lin/Projects/LightGlue-OnnxRunner-cpp/src/decoupled_onnx_runner.cpp:253:253] trans to one dimension
[2024-03-07 17:02:02.321] [MineLog] [info] [/home/lin/Projects/LightGlue-OnnxRunner-cpp/src/decoupled_onnx_runner.cpp:267:267] constructing input tensors
[2024-03-07 17:02:02.321] [MineLog] [info] [/home/lin/Projects/LightGlue-OnnxRunner-cpp/src/decoupled_onnx_runner.cpp:282:282] input node 0 name: kpts0
[2024-03-07 17:02:02.321] [MineLog] [info] [/home/lin/Projects/LightGlue-OnnxRunner-cpp/src/decoupled_onnx_runner.cpp:287:287] input node shape size: 3, shape: 1, -1, 2
[2024-03-07 17:02:02.321] [MineLog] [info] [/home/lin/Projects/LightGlue-OnnxRunner-cpp/src/decoupled_onnx_runner.cpp:288:288] input node shape size: 3, shape: 1, 294, 2
[2024-03-07 17:02:02.321] [MineLog] [info] [/home/lin/Projects/LightGlue-OnnxRunner-cpp/src/decoupled_onnx_runner.cpp:282:282] input node 1 name: kpts1
[2024-03-07 17:02:02.321] [MineLog] [info] [/home/lin/Projects/LightGlue-OnnxRunner-cpp/src/decoupled_onnx_runner.cpp:287:287] input node shape size: 3, shape: 1, -1, 2
[2024-03-07 17:02:02.321] [MineLog] [info] [/home/lin/Projects/LightGlue-OnnxRunner-cpp/src/decoupled_onnx_runner.cpp:288:288] input node shape size: 3, shape: 1, 224, 2
[2024-03-07 17:02:02.321] [MineLog] [info] [/home/lin/Projects/LightGlue-OnnxRunner-cpp/src/decoupled_onnx_runner.cpp:282:282] input node 2 name: desc0
[2024-03-07 17:02:02.321] [MineLog] [info] [/home/lin/Projects/LightGlue-OnnxRunner-cpp/src/decoupled_onnx_runner.cpp:287:287] input node shape size: 3, shape: 1, -1, 256
[2024-03-07 17:02:02.321] [MineLog] [info] [/home/lin/Projects/LightGlue-OnnxRunner-cpp/src/decoupled_onnx_runner.cpp:288:288] input node shape size: 3, shape: 1, 294, 256
[2024-03-07 17:02:02.321] [MineLog] [info] [/home/lin/Projects/LightGlue-OnnxRunner-cpp/src/decoupled_onnx_runner.cpp:282:282] input node 3 name: desc1
[2024-03-07 17:02:02.321] [MineLog] [info] [/home/lin/Projects/LightGlue-OnnxRunner-cpp/src/decoupled_onnx_runner.cpp:287:287] input node shape size: 3, shape: 1, -1, 256
[2024-03-07 17:02:02.321] [MineLog] [info] [/home/lin/Projects/LightGlue-OnnxRunner-cpp/src/decoupled_onnx_runner.cpp:288:288] input node shape size: 3, shape: 1, 224, 256
[2024-03-07 17:02:02.321] [MineLog] [info] [/home/lin/Projects/LightGlue-OnnxRunner-cpp/src/decoupled_onnx_runner.cpp:294:294] output node name: matches0
[2024-03-07 17:02:02.321] [MineLog] [info] [/home/lin/Projects/LightGlue-OnnxRunner-cpp/src/decoupled_onnx_runner.cpp:294:294] output node name: mscores0
[2024-03-07 17:02:02.325] [MineLog] [info] [/home/lin/Projects/LightGlue-OnnxRunner-cpp/src/decoupled_onnx_runner.cpp:299:299] matcher inference time consumed: 4.651374
[2024-03-07 17:02:02.325] [MineLog] [info] [/home/lin/Projects/LightGlue-OnnxRunner-cpp/src/decoupled_onnx_runner.cpp:318:318] matcher inference success.
[2024-03-07 17:02:02.325] [MineLog] [info] [/home/lin/Projects/LightGlue-OnnxRunner-cpp/src/decoupled_onnx_runner.cpp:331:331] **** matcher post process start ****
[2024-03-07 17:02:02.325] [MineLog] [info] [/home/lin/Projects/LightGlue-OnnxRunner-cpp/src/decoupled_onnx_runner.cpp:339:339] matches shape: 127
[2024-03-07 17:02:02.325] [MineLog] [info] [/home/lin/Projects/LightGlue-OnnxRunner-cpp/src/decoupled_onnx_runner.cpp:339:339] matches shape: 2
[2024-03-07 17:02:02.325] [MineLog] [info] [/home/lin/Projects/LightGlue-OnnxRunner-cpp/src/decoupled_onnx_runner.cpp:347:347] matches shape: 127
[2024-03-07 17:02:02.325] [MineLog] [info] [/home/lin/Projects/LightGlue-OnnxRunner-cpp/src/decoupled_onnx_runner.cpp:388:388] matches size: 127
[2024-03-07 17:02:02.325] [MineLog] [info] [/home/lin/Projects/LightGlue-OnnxRunner-cpp/node/decoupled_test.cpp:94:94] time consumed: 24.277227 / 406.39134025
