[2024-03-07 23:11:37.279] [MineLog] [info] [/home/lin/Projects/LightGlue-OnnxRunner-cpp/test/matcher_test.cpp:65:65] Start
[2024-03-07 23:11:37.395] [MineLog] [info] [/home/lin/Projects/LightGlue-OnnxRunner-cpp/src/extractor/extractor.cpp:7:7] Extractor is being constructed, threads_num: 6, point_num: 200
[2024-03-07 23:11:37.395] [MineLog] [info] [/home/lin/Projects/LightGlue-OnnxRunner-cpp/src/extractor/extractor.cpp:17:17] Initializing extractor ort env
[2024-03-07 23:11:37.395] [MineLog] [info] [/home/lin/Projects/LightGlue-OnnxRunner-cpp/src/extractor/extractor.cpp:31:31] Using 6 threads, with graph optimization level 99
[2024-03-07 23:11:37.395] [MineLog] [info] [/home/lin/Projects/LightGlue-OnnxRunner-cpp/src/extractor/extractor.cpp:35:35] Using CUDA for extractor
[2024-03-07 23:11:37.517] [MineLog] [info] [/home/lin/Projects/LightGlue-OnnxRunner-cpp/src/extractor/extractor.cpp:50:50] Loading extractor model from /home/lin/Projects/LightGlue-OnnxRunner-cpp/models/superpoint.onnx
[2024-03-07 23:11:37.995] [MineLog] [info] [/home/lin/Projects/LightGlue-OnnxRunner-cpp/src/extractor/extractor.cpp:54:54] Extractor model loaded
[2024-03-07 23:11:37.995] [MineLog] [info] [/home/lin/Projects/LightGlue-OnnxRunner-cpp/include/base_onnx_runner.h:74:74] num_nodes: 1
[2024-03-07 23:11:37.995] [MineLog] [info] [/home/lin/Projects/LightGlue-OnnxRunner-cpp/include/base_onnx_runner.h:80:80] extractor node name: image
[2024-03-07 23:11:37.995] [MineLog] [info] [/home/lin/Projects/LightGlue-OnnxRunner-cpp/include/base_onnx_runner.h:74:74] num_nodes: 3
[2024-03-07 23:11:37.995] [MineLog] [info] [/home/lin/Projects/LightGlue-OnnxRunner-cpp/include/base_onnx_runner.h:80:80] extractor node name: keypoints
[2024-03-07 23:11:37.995] [MineLog] [info] [/home/lin/Projects/LightGlue-OnnxRunner-cpp/include/base_onnx_runner.h:80:80] extractor node name: scores
[2024-03-07 23:11:37.995] [MineLog] [info] [/home/lin/Projects/LightGlue-OnnxRunner-cpp/include/base_onnx_runner.h:80:80] extractor node name: descriptors
[2024-03-07 23:11:37.995] [MineLog] [info] [/home/lin/Projects/LightGlue-OnnxRunner-cpp/src/extractor/extractor.cpp:58:58] Extractor ort env initialized
[2024-03-07 23:11:37.995] [MineLog] [info] [/home/lin/Projects/LightGlue-OnnxRunner-cpp/src/extractor/extractor.cpp:7:7] Extractor is being constructed, threads_num: 6, point_num: 200
[2024-03-07 23:11:37.995] [MineLog] [info] [/home/lin/Projects/LightGlue-OnnxRunner-cpp/src/extractor/extractor.cpp:17:17] Initializing extractor ort env
[2024-03-07 23:11:37.995] [MineLog] [info] [/home/lin/Projects/LightGlue-OnnxRunner-cpp/src/extractor/extractor.cpp:31:31] Using 6 threads, with graph optimization level 99
[2024-03-07 23:11:37.995] [MineLog] [info] [/home/lin/Projects/LightGlue-OnnxRunner-cpp/src/extractor/extractor.cpp:35:35] Using CUDA for extractor
[2024-03-07 23:11:37.995] [MineLog] [info] [/home/lin/Projects/LightGlue-OnnxRunner-cpp/src/extractor/extractor.cpp:50:50] Loading extractor model from /home/lin/Projects/LightGlue-OnnxRunner-cpp/models/superpoint.onnx
[2024-03-07 23:11:38.047] [MineLog] [info] [/home/lin/Projects/LightGlue-OnnxRunner-cpp/src/extractor/extractor.cpp:54:54] Extractor model loaded
[2024-03-07 23:11:38.047] [MineLog] [info] [/home/lin/Projects/LightGlue-OnnxRunner-cpp/include/base_onnx_runner.h:74:74] num_nodes: 1
[2024-03-07 23:11:38.047] [MineLog] [info] [/home/lin/Projects/LightGlue-OnnxRunner-cpp/include/base_onnx_runner.h:80:80] extractor node name: image
[2024-03-07 23:11:38.047] [MineLog] [info] [/home/lin/Projects/LightGlue-OnnxRunner-cpp/include/base_onnx_runner.h:74:74] num_nodes: 3
[2024-03-07 23:11:38.047] [MineLog] [info] [/home/lin/Projects/LightGlue-OnnxRunner-cpp/include/base_onnx_runner.h:80:80] extractor node name: keypoints
[2024-03-07 23:11:38.047] [MineLog] [info] [/home/lin/Projects/LightGlue-OnnxRunner-cpp/include/base_onnx_runner.h:80:80] extractor node name: scores
[2024-03-07 23:11:38.047] [MineLog] [info] [/home/lin/Projects/LightGlue-OnnxRunner-cpp/include/base_onnx_runner.h:80:80] extractor node name: descriptors
[2024-03-07 23:11:38.047] [MineLog] [info] [/home/lin/Projects/LightGlue-OnnxRunner-cpp/src/extractor/extractor.cpp:58:58] Extractor ort env initialized
[2024-03-07 23:11:38.047] [MineLog] [info] [/home/lin/Projects/LightGlue-OnnxRunner-cpp/src/matcher/matcher.cpp:19:19] Matcher is being created
[2024-03-07 23:11:38.047] [MineLog] [info] [/home/lin/Projects/LightGlue-OnnxRunner-cpp/src/matcher/matcher.cpp:41:41] Initializing matcher ort env
[2024-03-07 23:11:38.047] [MineLog] [info] [/home/lin/Projects/LightGlue-OnnxRunner-cpp/src/matcher/matcher.cpp:55:55] Using 0 threads, with graph optimization level 99
[2024-03-07 23:11:38.047] [MineLog] [info] [/home/lin/Projects/LightGlue-OnnxRunner-cpp/src/matcher/matcher.cpp:59:59] Using CUDA for matcher
[2024-03-07 23:11:38.047] [MineLog] [info] [/home/lin/Projects/LightGlue-OnnxRunner-cpp/src/matcher/matcher.cpp:74:74] Loading matcher model from /home/lin/Projects/LightGlue-OnnxRunner-cpp/models/superpoint_lightglue_fused_fp16.onnx
[2024-03-07 23:11:38.271] [MineLog] [info] [/home/lin/Projects/LightGlue-OnnxRunner-cpp/src/matcher/matcher.cpp:78:78] Matcher model loaded
[2024-03-07 23:11:38.271] [MineLog] [info] [/home/lin/Projects/LightGlue-OnnxRunner-cpp/include/base_onnx_runner.h:74:74] num_nodes: 4
[2024-03-07 23:11:38.271] [MineLog] [info] [/home/lin/Projects/LightGlue-OnnxRunner-cpp/include/base_onnx_runner.h:80:80] extractor node name: kpts0
[2024-03-07 23:11:38.271] [MineLog] [info] [/home/lin/Projects/LightGlue-OnnxRunner-cpp/include/base_onnx_runner.h:80:80] extractor node name: kpts1
[2024-03-07 23:11:38.271] [MineLog] [info] [/home/lin/Projects/LightGlue-OnnxRunner-cpp/include/base_onnx_runner.h:80:80] extractor node name: desc0
[2024-03-07 23:11:38.271] [MineLog] [info] [/home/lin/Projects/LightGlue-OnnxRunner-cpp/include/base_onnx_runner.h:80:80] extractor node name: desc1
[2024-03-07 23:11:38.271] [MineLog] [info] [/home/lin/Projects/LightGlue-OnnxRunner-cpp/include/base_onnx_runner.h:74:74] num_nodes: 2
[2024-03-07 23:11:38.271] [MineLog] [info] [/home/lin/Projects/LightGlue-OnnxRunner-cpp/include/base_onnx_runner.h:80:80] extractor node name: matches0
[2024-03-07 23:11:38.271] [MineLog] [info] [/home/lin/Projects/LightGlue-OnnxRunner-cpp/include/base_onnx_runner.h:80:80] extractor node name: mscores0
[2024-03-07 23:11:38.271] [MineLog] [info] [/home/lin/Projects/LightGlue-OnnxRunner-cpp/src/matcher/matcher.cpp:82:82] Matcher ort env initialized
[2024-03-07 23:11:38.271] [MineLog] [info] [/home/lin/Projects/LightGlue-OnnxRunner-cpp/test/matcher_test.cpp:105:105] processing image /home/lin/Projects/LightGlue-OnnxRunner-cpp/data/left/0.png / /home/lin/Projects/LightGlue-OnnxRunner-cpp/data/right/0.png
[2024-03-07 23:11:38.271] [MineLog] [info] [/home/lin/Projects/LightGlue-OnnxRunner-cpp/src/extractor/extractor.cpp:543:543] **** Inferencing image ****
[2024-03-07 23:11:38.271] [MineLog] [info] [/home/lin/Projects/LightGlue-OnnxRunner-cpp/src/extractor/extractor.cpp:71:71] Preprocessing image
[2024-03-07 23:11:38.272] [MineLog] [info] [/home/lin/Projects/LightGlue-OnnxRunner-cpp/src/extractor/extractor.cpp:543:543] **** Inferencing image ****
[2024-03-07 23:11:38.272] [MineLog] [info] [/home/lin/Projects/LightGlue-OnnxRunner-cpp/src/extractor/extractor.cpp:71:71] Preprocessing image
[2024-03-07 23:11:38.272] [MineLog] [info] [/home/lin/Projects/LightGlue-OnnxRunner-cpp/src/extractor/extractor.cpp:75:75] image_in size: [1280, 720]
[2024-03-07 23:11:38.272] [MineLog] [info] [/home/lin/Projects/LightGlue-OnnxRunner-cpp/src/extractor/extractor.cpp:75:75] image_in size: [1280, 720]
[2024-03-07 23:11:38.273] [MineLog] [info] [/home/lin/Projects/LightGlue-OnnxRunner-cpp/src/extractor/extractor.cpp:80:80] image_out size: [512, 288], scale from 1.0 to 0.4
[2024-03-07 23:11:38.273] [MineLog] [info] [/home/lin/Projects/LightGlue-OnnxRunner-cpp/src/extractor/extractor.cpp:90:90] Inferencing image
[2024-03-07 23:11:38.274] [MineLog] [info] [/home/lin/Projects/LightGlue-OnnxRunner-cpp/src/extractor/extractor.cpp:80:80] image_out size: [512, 288], scale from 1.0 to 0.4
[2024-03-07 23:11:38.274] [MineLog] [info] [/home/lin/Projects/LightGlue-OnnxRunner-cpp/src/extractor/extractor.cpp:90:90] Inferencing image
[2024-03-07 23:11:39.164] [MineLog] [info] [/home/lin/Projects/LightGlue-OnnxRunner-cpp/src/extractor/extractor.cpp:107:107] inference extractor time consumed: 889.03384
[2024-03-07 23:11:39.164] [MineLog] [info] [/home/lin/Projects/LightGlue-OnnxRunner-cpp/src/extractor/extractor.cpp:139:139] Transforming tensor to key points
[2024-03-07 23:11:39.164] [MineLog] [info] [/home/lin/Projects/LightGlue-OnnxRunner-cpp/src/extractor/extractor.cpp:146:146] key points shape: [1, 364, 2], size: 3
[2024-03-07 23:11:39.164] [MineLog] [info] [/home/lin/Projects/LightGlue-OnnxRunner-cpp/src/extractor/extractor.cpp:158:158] score shape: [1, 364], size: 2
[2024-03-07 23:11:39.164] [MineLog] [info] [/home/lin/Projects/LightGlue-OnnxRunner-cpp/src/extractor/extractor.cpp:169:169] descriptor shape: [1, 364, 256], size: 3
[2024-03-07 23:11:39.164] [MineLog] [info] [/home/lin/Projects/LightGlue-OnnxRunner-cpp/src/extractor/extractor.cpp:172:172] descriptor size: [256, 364]
[2024-03-07 23:11:39.164] [MineLog] [info] [/home/lin/Projects/LightGlue-OnnxRunner-cpp/src/extractor/extractor.cpp:107:107] inference extractor time consumed: 889.990728
[2024-03-07 23:11:39.164] [MineLog] [info] [/home/lin/Projects/LightGlue-OnnxRunner-cpp/src/extractor/extractor.cpp:139:139] Transforming tensor to key points
[2024-03-07 23:11:39.164] [MineLog] [info] [/home/lin/Projects/LightGlue-OnnxRunner-cpp/src/extractor/extractor.cpp:146:146] key points shape: [1, 458, 2], size: 3
[2024-03-07 23:11:39.165] [MineLog] [info] [/home/lin/Projects/LightGlue-OnnxRunner-cpp/src/extractor/extractor.cpp:158:158] score shape: [1, 458], size: 2
[2024-03-07 23:11:39.165] [MineLog] [info] [/home/lin/Projects/LightGlue-OnnxRunner-cpp/src/extractor/extractor.cpp:169:169] descriptor shape: [1, 458, 256], size: 3
[2024-03-07 23:11:39.165] [MineLog] [info] [/home/lin/Projects/LightGlue-OnnxRunner-cpp/src/extractor/extractor.cpp:172:172] descriptor size: [256, 458]
[2024-03-07 23:11:39.165] [MineLog] [info] [/home/lin/Projects/LightGlue-OnnxRunner-cpp/src/extractor/extractor.cpp:555:555] inference image time consumed: 893.057502
[2024-03-07 23:11:39.165] [MineLog] [info] [/home/lin/Projects/LightGlue-OnnxRunner-cpp/src/extractor/extractor.cpp:555:555] inference image time consumed: 893.363627
[2024-03-07 23:11:39.165] [MineLog] [info] [/home/lin/Projects/LightGlue-OnnxRunner-cpp/src/matcher/matcher.cpp:101:101] Matcher inference start
[2024-03-07 23:11:39.165] [MineLog] [info] [/home/lin/Projects/LightGlue-OnnxRunner-cpp/src/matcher/matcher.cpp:110:110] Input shapes initialized
[2024-03-07 23:11:39.165] [MineLog] [info] [/home/lin/Projects/LightGlue-OnnxRunner-cpp/src/matcher/matcher.cpp:149:149] Matcher inference input tensors created
[2024-03-07 23:11:39.185] [MineLog] [info] [/home/lin/Projects/LightGlue-OnnxRunner-cpp/src/matcher/matcher.cpp:158:158] matcher inference time consumed: 19.541963
[2024-03-07 23:11:39.185] [MineLog] [info] [/home/lin/Projects/LightGlue-OnnxRunner-cpp/src/matcher/matcher.cpp:172:172] Matcher post process start
[2024-03-07 23:11:39.185] [MineLog] [info] [/home/lin/Projects/LightGlue-OnnxRunner-cpp/test/matcher_test.cpp:150:150] time consumed: 913.46677 / 913.46677
[2024-03-07 23:11:39.185] [MineLog] [info] [/home/lin/Projects/LightGlue-OnnxRunner-cpp/test/matcher_test.cpp:151:151] key points number: 458 / 364
[2024-03-07 23:11:40.226] [MineLog] [info] [/home/lin/Projects/LightGlue-OnnxRunner-cpp/test/matcher_test.cpp:105:105] processing image /home/lin/Projects/LightGlue-OnnxRunner-cpp/data/left/1.png / /home/lin/Projects/LightGlue-OnnxRunner-cpp/data/right/1.png
[2024-03-07 23:11:40.226] [MineLog] [info] [/home/lin/Projects/LightGlue-OnnxRunner-cpp/src/extractor/extractor.cpp:543:543] **** Inferencing image ****
[2024-03-07 23:11:40.226] [MineLog] [info] [/home/lin/Projects/LightGlue-OnnxRunner-cpp/src/extractor/extractor.cpp:71:71] Preprocessing image
[2024-03-07 23:11:40.226] [MineLog] [info] [/home/lin/Projects/LightGlue-OnnxRunner-cpp/src/extractor/extractor.cpp:543:543] **** Inferencing image ****
[2024-03-07 23:11:40.226] [MineLog] [info] [/home/lin/Projects/LightGlue-OnnxRunner-cpp/src/extractor/extractor.cpp:71:71] Preprocessing image
[2024-03-07 23:11:40.227] [MineLog] [info] [/home/lin/Projects/LightGlue-OnnxRunner-cpp/src/extractor/extractor.cpp:75:75] image_in size: [1280, 720]
[2024-03-07 23:11:40.227] [MineLog] [info] [/home/lin/Projects/LightGlue-OnnxRunner-cpp/src/extractor/extractor.cpp:75:75] image_in size: [1280, 720]
[2024-03-07 23:11:40.229] [MineLog] [info] [/home/lin/Projects/LightGlue-OnnxRunner-cpp/src/extractor/extractor.cpp:80:80] image_out size: [512, 288], scale from 1.0 to 0.4
[2024-03-07 23:11:40.229] [MineLog] [info] [/home/lin/Projects/LightGlue-OnnxRunner-cpp/src/extractor/extractor.cpp:90:90] Inferencing image
[2024-03-07 23:11:40.231] [MineLog] [info] [/home/lin/Projects/LightGlue-OnnxRunner-cpp/src/extractor/extractor.cpp:80:80] image_out size: [512, 288], scale from 1.0 to 0.4
[2024-03-07 23:11:40.231] [MineLog] [info] [/home/lin/Projects/LightGlue-OnnxRunner-cpp/src/extractor/extractor.cpp:90:90] Inferencing image
[2024-03-07 23:11:40.258] [MineLog] [info] [/home/lin/Projects/LightGlue-OnnxRunner-cpp/src/extractor/extractor.cpp:107:107] inference extractor time consumed: 25.703702
[2024-03-07 23:11:40.258] [MineLog] [info] [/home/lin/Projects/LightGlue-OnnxRunner-cpp/src/extractor/extractor.cpp:139:139] Transforming tensor to key points
[2024-03-07 23:11:40.258] [MineLog] [info] [/home/lin/Projects/LightGlue-OnnxRunner-cpp/src/extractor/extractor.cpp:146:146] key points shape: [1, 501, 2], size: 3
[2024-03-07 23:11:40.258] [MineLog] [info] [/home/lin/Projects/LightGlue-OnnxRunner-cpp/src/extractor/extractor.cpp:158:158] score shape: [1, 501], size: 2
[2024-03-07 23:11:40.258] [MineLog] [info] [/home/lin/Projects/LightGlue-OnnxRunner-cpp/src/extractor/extractor.cpp:107:107] inference extractor time consumed: 25.275797
[2024-03-07 23:11:40.258] [MineLog] [info] [/home/lin/Projects/LightGlue-OnnxRunner-cpp/src/extractor/extractor.cpp:169:169] descriptor shape: [1, 501, 256], size: 3
[2024-03-07 23:11:40.258] [MineLog] [info] [/home/lin/Projects/LightGlue-OnnxRunner-cpp/src/extractor/extractor.cpp:139:139] Transforming tensor to key points
[2024-03-07 23:11:40.258] [MineLog] [info] [/home/lin/Projects/LightGlue-OnnxRunner-cpp/src/extractor/extractor.cpp:172:172] descriptor size: [256, 501]
[2024-03-07 23:11:40.258] [MineLog] [info] [/home/lin/Projects/LightGlue-OnnxRunner-cpp/src/extractor/extractor.cpp:146:146] key points shape: [1, 406, 2], size: 3
[2024-03-07 23:11:40.258] [MineLog] [info] [/home/lin/Projects/LightGlue-OnnxRunner-cpp/src/extractor/extractor.cpp:158:158] score shape: [1, 406], size: 2
[2024-03-07 23:11:40.258] [MineLog] [info] [/home/lin/Projects/LightGlue-OnnxRunner-cpp/src/extractor/extractor.cpp:169:169] descriptor shape: [1, 406, 256], size: 3
[2024-03-07 23:11:40.258] [MineLog] [info] [/home/lin/Projects/LightGlue-OnnxRunner-cpp/src/extractor/extractor.cpp:172:172] descriptor size: [256, 406]
[2024-03-07 23:11:40.259] [MineLog] [info] [/home/lin/Projects/LightGlue-OnnxRunner-cpp/src/extractor/extractor.cpp:555:555] inference image time consumed: 32.883778
[2024-03-07 23:11:40.259] [MineLog] [info] [/home/lin/Projects/LightGlue-OnnxRunner-cpp/src/extractor/extractor.cpp:555:555] inference image time consumed: 32.98197
[2024-03-07 23:11:40.259] [MineLog] [info] [/home/lin/Projects/LightGlue-OnnxRunner-cpp/src/matcher/matcher.cpp:101:101] Matcher inference start
[2024-03-07 23:11:40.259] [MineLog] [info] [/home/lin/Projects/LightGlue-OnnxRunner-cpp/src/matcher/matcher.cpp:110:110] Input shapes initialized
[2024-03-07 23:11:40.259] [MineLog] [info] [/home/lin/Projects/LightGlue-OnnxRunner-cpp/src/matcher/matcher.cpp:149:149] Matcher inference input tensors created
[2024-03-07 23:11:40.269] [MineLog] [info] [/home/lin/Projects/LightGlue-OnnxRunner-cpp/src/matcher/matcher.cpp:158:158] matcher inference time consumed: 10.126735
[2024-03-07 23:11:40.269] [MineLog] [info] [/home/lin/Projects/LightGlue-OnnxRunner-cpp/src/matcher/matcher.cpp:172:172] Matcher post process start
[2024-03-07 23:11:40.270] [MineLog] [info] [/home/lin/Projects/LightGlue-OnnxRunner-cpp/test/matcher_test.cpp:150:150] time consumed: 43.934031 / 478.7004005
[2024-03-07 23:11:40.270] [MineLog] [info] [/home/lin/Projects/LightGlue-OnnxRunner-cpp/test/matcher_test.cpp:151:151] key points number: 501 / 406
[2024-03-07 23:11:40.829] [MineLog] [info] [/home/lin/Projects/LightGlue-OnnxRunner-cpp/test/matcher_test.cpp:105:105] processing image /home/lin/Projects/LightGlue-OnnxRunner-cpp/data/left/21.png / /home/lin/Projects/LightGlue-OnnxRunner-cpp/data/right/21.png
[2024-03-07 23:11:40.829] [MineLog] [info] [/home/lin/Projects/LightGlue-OnnxRunner-cpp/src/extractor/extractor.cpp:543:543] **** Inferencing image ****
[2024-03-07 23:11:40.829] [MineLog] [info] [/home/lin/Projects/LightGlue-OnnxRunner-cpp/src/extractor/extractor.cpp:71:71] Preprocessing image
[2024-03-07 23:11:40.829] [MineLog] [info] [/home/lin/Projects/LightGlue-OnnxRunner-cpp/src/extractor/extractor.cpp:543:543] **** Inferencing image ****
[2024-03-07 23:11:40.829] [MineLog] [info] [/home/lin/Projects/LightGlue-OnnxRunner-cpp/src/extractor/extractor.cpp:71:71] Preprocessing image
[2024-03-07 23:11:40.829] [MineLog] [info] [/home/lin/Projects/LightGlue-OnnxRunner-cpp/src/extractor/extractor.cpp:75:75] image_in size: [1280, 720]
[2024-03-07 23:11:40.830] [MineLog] [info] [/home/lin/Projects/LightGlue-OnnxRunner-cpp/src/extractor/extractor.cpp:75:75] image_in size: [1280, 720]
[2024-03-07 23:11:40.831] [MineLog] [info] [/home/lin/Projects/LightGlue-OnnxRunner-cpp/src/extractor/extractor.cpp:80:80] image_out size: [512, 288], scale from 1.0 to 0.4
[2024-03-07 23:11:40.831] [MineLog] [info] [/home/lin/Projects/LightGlue-OnnxRunner-cpp/src/extractor/extractor.cpp:90:90] Inferencing image
[2024-03-07 23:11:40.834] [MineLog] [info] [/home/lin/Projects/LightGlue-OnnxRunner-cpp/src/extractor/extractor.cpp:80:80] image_out size: [512, 288], scale from 1.0 to 0.4
[2024-03-07 23:11:40.834] [MineLog] [info] [/home/lin/Projects/LightGlue-OnnxRunner-cpp/src/extractor/extractor.cpp:90:90] Inferencing image
[2024-03-07 23:11:40.860] [MineLog] [info] [/home/lin/Projects/LightGlue-OnnxRunner-cpp/src/extractor/extractor.cpp:107:107] inference extractor time consumed: 25.223807
[2024-03-07 23:11:40.860] [MineLog] [info] [/home/lin/Projects/LightGlue-OnnxRunner-cpp/src/extractor/extractor.cpp:139:139] Transforming tensor to key points
[2024-03-07 23:11:40.860] [MineLog] [info] [/home/lin/Projects/LightGlue-OnnxRunner-cpp/src/extractor/extractor.cpp:146:146] key points shape: [1, 282, 2], size: 3
[2024-03-07 23:11:40.860] [MineLog] [info] [/home/lin/Projects/LightGlue-OnnxRunner-cpp/src/extractor/extractor.cpp:158:158] score shape: [1, 282], size: 2
[2024-03-07 23:11:40.860] [MineLog] [info] [/home/lin/Projects/LightGlue-OnnxRunner-cpp/src/extractor/extractor.cpp:107:107] inference extractor time consumed: 22.744358
[2024-03-07 23:11:40.860] [MineLog] [info] [/home/lin/Projects/LightGlue-OnnxRunner-cpp/src/extractor/extractor.cpp:139:139] Transforming tensor to key points
[2024-03-07 23:11:40.860] [MineLog] [info] [/home/lin/Projects/LightGlue-OnnxRunner-cpp/src/extractor/extractor.cpp:169:169] descriptor shape: [1, 282, 256], size: 3
[2024-03-07 23:11:40.860] [MineLog] [info] [/home/lin/Projects/LightGlue-OnnxRunner-cpp/src/extractor/extractor.cpp:146:146] key points shape: [1, 218, 2], size: 3
[2024-03-07 23:11:40.860] [MineLog] [info] [/home/lin/Projects/LightGlue-OnnxRunner-cpp/src/extractor/extractor.cpp:172:172] descriptor size: [256, 282]
[2024-03-07 23:11:40.860] [MineLog] [info] [/home/lin/Projects/LightGlue-OnnxRunner-cpp/src/extractor/extractor.cpp:158:158] score shape: [1, 218], size: 2
[2024-03-07 23:11:40.860] [MineLog] [info] [/home/lin/Projects/LightGlue-OnnxRunner-cpp/src/extractor/extractor.cpp:169:169] descriptor shape: [1, 218, 256], size: 3
[2024-03-07 23:11:40.860] [MineLog] [info] [/home/lin/Projects/LightGlue-OnnxRunner-cpp/src/extractor/extractor.cpp:172:172] descriptor size: [256, 218]
[2024-03-07 23:11:40.860] [MineLog] [info] [/home/lin/Projects/LightGlue-OnnxRunner-cpp/src/extractor/extractor.cpp:555:555] inference image time consumed: 31.008699
[2024-03-07 23:11:40.860] [MineLog] [info] [/home/lin/Projects/LightGlue-OnnxRunner-cpp/src/extractor/extractor.cpp:555:555] inference image time consumed: 30.983191
[2024-03-07 23:11:40.860] [MineLog] [info] [/home/lin/Projects/LightGlue-OnnxRunner-cpp/src/matcher/matcher.cpp:101:101] Matcher inference start
[2024-03-07 23:11:40.860] [MineLog] [info] [/home/lin/Projects/LightGlue-OnnxRunner-cpp/src/matcher/matcher.cpp:110:110] Input shapes initialized
[2024-03-07 23:11:40.860] [MineLog] [info] [/home/lin/Projects/LightGlue-OnnxRunner-cpp/src/matcher/matcher.cpp:149:149] Matcher inference input tensors created
[2024-03-07 23:11:40.868] [MineLog] [info] [/home/lin/Projects/LightGlue-OnnxRunner-cpp/src/matcher/matcher.cpp:158:158] matcher inference time consumed: 7.595882
[2024-03-07 23:11:40.868] [MineLog] [info] [/home/lin/Projects/LightGlue-OnnxRunner-cpp/src/matcher/matcher.cpp:172:172] Matcher post process start
[2024-03-07 23:11:40.868] [MineLog] [info] [/home/lin/Projects/LightGlue-OnnxRunner-cpp/test/matcher_test.cpp:150:150] time consumed: 39.197898 / 332.19956633333334
[2024-03-07 23:11:40.868] [MineLog] [info] [/home/lin/Projects/LightGlue-OnnxRunner-cpp/test/matcher_test.cpp:151:151] key points number: 282 / 218
[2024-03-07 23:11:41.291] [MineLog] [info] [/home/lin/Projects/LightGlue-OnnxRunner-cpp/test/matcher_test.cpp:105:105] processing image /home/lin/Projects/LightGlue-OnnxRunner-cpp/data/left/22.png / /home/lin/Projects/LightGlue-OnnxRunner-cpp/data/right/22.png
[2024-03-07 23:11:41.291] [MineLog] [info] [/home/lin/Projects/LightGlue-OnnxRunner-cpp/src/extractor/extractor.cpp:543:543] **** Inferencing image ****
[2024-03-07 23:11:41.291] [MineLog] [info] [/home/lin/Projects/LightGlue-OnnxRunner-cpp/src/extractor/extractor.cpp:71:71] Preprocessing image
[2024-03-07 23:11:41.291] [MineLog] [info] [/home/lin/Projects/LightGlue-OnnxRunner-cpp/src/extractor/extractor.cpp:543:543] **** Inferencing image ****
[2024-03-07 23:11:41.291] [MineLog] [info] [/home/lin/Projects/LightGlue-OnnxRunner-cpp/src/extractor/extractor.cpp:71:71] Preprocessing image
[2024-03-07 23:11:41.291] [MineLog] [info] [/home/lin/Projects/LightGlue-OnnxRunner-cpp/src/extractor/extractor.cpp:75:75] image_in size: [1280, 720]
[2024-03-07 23:11:41.291] [MineLog] [info] [/home/lin/Projects/LightGlue-OnnxRunner-cpp/src/extractor/extractor.cpp:75:75] image_in size: [1280, 720]
[2024-03-07 23:11:41.293] [MineLog] [info] [/home/lin/Projects/LightGlue-OnnxRunner-cpp/src/extractor/extractor.cpp:80:80] image_out size: [512, 288], scale from 1.0 to 0.4
[2024-03-07 23:11:41.293] [MineLog] [info] [/home/lin/Projects/LightGlue-OnnxRunner-cpp/src/extractor/extractor.cpp:90:90] Inferencing image
[2024-03-07 23:11:41.295] [MineLog] [info] [/home/lin/Projects/LightGlue-OnnxRunner-cpp/src/extractor/extractor.cpp:80:80] image_out size: [512, 288], scale from 1.0 to 0.4
[2024-03-07 23:11:41.295] [MineLog] [info] [/home/lin/Projects/LightGlue-OnnxRunner-cpp/src/extractor/extractor.cpp:90:90] Inferencing image
[2024-03-07 23:11:41.323] [MineLog] [info] [/home/lin/Projects/LightGlue-OnnxRunner-cpp/src/extractor/extractor.cpp:107:107] inference extractor time consumed: 25.834942
[2024-03-07 23:11:41.323] [MineLog] [info] [/home/lin/Projects/LightGlue-OnnxRunner-cpp/src/extractor/extractor.cpp:139:139] Transforming tensor to key points
[2024-03-07 23:11:41.323] [MineLog] [info] [/home/lin/Projects/LightGlue-OnnxRunner-cpp/src/extractor/extractor.cpp:146:146] key points shape: [1, 294, 2], size: 3
[2024-03-07 23:11:41.323] [MineLog] [info] [/home/lin/Projects/LightGlue-OnnxRunner-cpp/src/extractor/extractor.cpp:158:158] score shape: [1, 294], size: 2
[2024-03-07 23:11:41.323] [MineLog] [info] [/home/lin/Projects/LightGlue-OnnxRunner-cpp/src/extractor/extractor.cpp:107:107] inference extractor time consumed: 24.179295
[2024-03-07 23:11:41.323] [MineLog] [info] [/home/lin/Projects/LightGlue-OnnxRunner-cpp/src/extractor/extractor.cpp:139:139] Transforming tensor to key points
[2024-03-07 23:11:41.323] [MineLog] [info] [/home/lin/Projects/LightGlue-OnnxRunner-cpp/src/extractor/extractor.cpp:146:146] key points shape: [1, 224, 2], size: 3
[2024-03-07 23:11:41.323] [MineLog] [info] [/home/lin/Projects/LightGlue-OnnxRunner-cpp/src/extractor/extractor.cpp:158:158] score shape: [1, 224], size: 2
[2024-03-07 23:11:41.323] [MineLog] [info] [/home/lin/Projects/LightGlue-OnnxRunner-cpp/src/extractor/extractor.cpp:169:169] descriptor shape: [1, 224, 256], size: 3
[2024-03-07 23:11:41.323] [MineLog] [info] [/home/lin/Projects/LightGlue-OnnxRunner-cpp/src/extractor/extractor.cpp:172:172] descriptor size: [256, 224]
[2024-03-07 23:11:41.323] [MineLog] [info] [/home/lin/Projects/LightGlue-OnnxRunner-cpp/src/extractor/extractor.cpp:169:169] descriptor shape: [1, 294, 256], size: 3
[2024-03-07 23:11:41.323] [MineLog] [info] [/home/lin/Projects/LightGlue-OnnxRunner-cpp/src/extractor/extractor.cpp:172:172] descriptor size: [256, 294]
[2024-03-07 23:11:41.323] [MineLog] [info] [/home/lin/Projects/LightGlue-OnnxRunner-cpp/src/extractor/extractor.cpp:555:555] inference image time consumed: 31.858787
[2024-03-07 23:11:41.323] [MineLog] [info] [/home/lin/Projects/LightGlue-OnnxRunner-cpp/src/extractor/extractor.cpp:555:555] inference image time consumed: 31.935148
[2024-03-07 23:11:41.323] [MineLog] [info] [/home/lin/Projects/LightGlue-OnnxRunner-cpp/src/matcher/matcher.cpp:101:101] Matcher inference start
[2024-03-07 23:11:41.323] [MineLog] [info] [/home/lin/Projects/LightGlue-OnnxRunner-cpp/src/matcher/matcher.cpp:110:110] Input shapes initialized
[2024-03-07 23:11:41.323] [MineLog] [info] [/home/lin/Projects/LightGlue-OnnxRunner-cpp/src/matcher/matcher.cpp:149:149] Matcher inference input tensors created
[2024-03-07 23:11:41.331] [MineLog] [info] [/home/lin/Projects/LightGlue-OnnxRunner-cpp/src/matcher/matcher.cpp:158:158] matcher inference time consumed: 7.680019
[2024-03-07 23:11:41.331] [MineLog] [info] [/home/lin/Projects/LightGlue-OnnxRunner-cpp/src/matcher/matcher.cpp:172:172] Matcher post process start
[2024-03-07 23:11:41.331] [MineLog] [info] [/home/lin/Projects/LightGlue-OnnxRunner-cpp/test/matcher_test.cpp:150:150] time consumed: 40.2321 / 259.20769975
[2024-03-07 23:11:41.331] [MineLog] [info] [/home/lin/Projects/LightGlue-OnnxRunner-cpp/test/matcher_test.cpp:151:151] key points number: 294 / 224
[2024-03-07 23:11:41.750] [MineLog] [info] [/home/lin/Projects/LightGlue-OnnxRunner-cpp/src/matcher/matcher.cpp:24:24] Matcher is being destroyed
[2024-03-07 23:11:41.758] [MineLog] [info] [/home/lin/Projects/LightGlue-OnnxRunner-cpp/src/extractor/extractor.cpp:12:12] Extractor is being destructed
[2024-03-07 23:11:41.769] [MineLog] [info] [/home/lin/Projects/LightGlue-OnnxRunner-cpp/src/extractor/extractor.cpp:12:12] Extractor is being destructed
